{"name": "test_valid_user_login", "status": "failed", "statusDetails": {"message": "AssertionError: Locator expected to be visible\nActual value: <element(s) not found> \nCall log:\n  - Expect \"to_be_visible\" with timeout 3000ms\n  - waiting for locator(\"h2:has-text(\\\"My Account\\\")\")", "trace": "page = <Page url='http://localhost/opencart/upload/index.php?route=account/login&language=en-gb'>\n\n    @pytest.mark.sanity\n    @pytest.mark.regression\n    def test_valid_user_login(page):\n        \"\"\"\n        Automated Test Case: Verify that login succeeds for valid user credentials.\n        \"\"\"\n    \n        # --- Page Object Initialization ---\n        home_page = HomePage(page)\n        login_page = LoginPage(page)\n        my_account_page = MyAccountPage(page)\n    \n        # --- Step 1: Navigate to Login Page ---\n        home_page.click_my_account()\n        home_page.click_login()\n    \n        # --- Step 2: Enter Valid Credentials ---\n        login_page.set_email(Config.email)\n        login_page.set_password(Config.password)\n        login_page.click_login()\n    \n        # Wait for the page to load completely after login\n        time.sleep(3)\n    \n        # --- Step 3: Verify Successful Login ---\n        # Expect the \"My Account\" page heading to be visible\n>       expect(my_account_page.get_my_account_page_heading()).to_be_visible(timeout=3000)\nE       AssertionError: Locator expected to be visible\nE       Actual value: <element(s) not found> \nE       Call log:\nE         - Expect \"to_be_visible\" with timeout 3000ms\nE         - waiting for locator(\"h2:has-text(\\\"My Account\\\")\")\n\ntests\\test_login.py:96: AssertionError"}, "description": "\nAutomated Test Case: Verify that login succeeds for valid user credentials.\n", "attachments": [{"name": "stdout", "source": "28df7fb6-9005-4414-b152-46ab29494e9b-attachment.txt", "type": "text/plain"}], "start": 1761760643385, "stop": 1761760650900, "uuid": "ef1eaf65-a69a-4257-8be6-6aea3cd9a00a", "historyId": "bc0571d77419ce711f50b52b2cc44204", "testCaseId": "bc0571d77419ce711f50b52b2cc44204", "fullName": "tests.test_login#test_valid_user_login", "labels": [{"name": "tag", "value": "regression"}, {"name": "tag", "value": "sanity"}, {"name": "parentSuite", "value": "tests"}, {"name": "suite", "value": "test_login"}, {"name": "host", "value": "DESKTOP-GG4538Q"}, {"name": "thread", "value": "27256-MainThread"}, {"name": "framework", "value": "pytest"}, {"name": "language", "value": "cpython3"}, {"name": "package", "value": "tests.test_login"}], "titlePath": ["tests", "test_login.py"]}