{"name": "test_user_registration", "status": "failed", "statusDetails": {"message": "AssertionError: Locator expected to have text 'Your Account has been Created!'\nActual value: <element(s) not found> \nCall log:\n  - Expect \"to_have_text\" with timeout 5000ms\n  - waiting for locator(\"h1:has-text(\\\"Your Account Has Been Created!\\\")\")", "trace": "page = <Page url='http://localhost/opencart/upload/index.php?route=account/register&language=en-gb'>\n\n    def test_user_registration(page):\n    \n    \n    \n        home_page= HomePage(page)\n        registration_page = RegistrationPage(page)\n        random_data=RandomDataUtil()\n    \n    \n    \n        home_page.click_my_account()\n        home_page.click_register()\n    \n        first_name=random_data.get_first_name()\n        last_name=random_data.get_last_name()\n        email=random_data.get_email()\n        #phone_number=random_data.get_phone_number()\n        password = random_data.get_password()\n    \n        registration_page.set_first_name(first_name)\n        registration_page.set_last_name(last_name)\n        registration_page.set_email(email)\n        #egistration_page.set_telephone(phone_number)\n        registration_page.set_password(password)\n    \n    \n        confirmation_msg=registration_page.get_confirmation_msg()\n>       expect(confirmation_msg).to_have_text(\"Your Account has been Created!\")\nE       AssertionError: Locator expected to have text 'Your Account has been Created!'\nE       Actual value: <element(s) not found> \nE       Call log:\nE         - Expect \"to_have_text\" with timeout 5000ms\nE         - waiting for locator(\"h1:has-text(\\\"Your Account Has Been Created!\\\")\")\n\ntests\\test_user_registration.py:35: AssertionError"}, "attachments": [{"name": "stdout", "source": "ce5b0ed1-770d-426c-b8be-8f905d81f2e6-attachment.txt", "type": "text/plain"}], "start": 1761707810561, "stop": 1761707816708, "uuid": "a925ebc6-0e40-4564-b3d4-89a65ee9e49b", "historyId": "541394ea0cfde4c8462c2d79980c4244", "testCaseId": "541394ea0cfde4c8462c2d79980c4244", "fullName": "tests.test_user_registration#test_user_registration", "labels": [{"name": "parentSuite", "value": "tests"}, {"name": "suite", "value": "test_user_registration"}, {"name": "host", "value": "DESKTOP-GG4538Q"}, {"name": "thread", "value": "24324-MainThread"}, {"name": "framework", "value": "pytest"}, {"name": "language", "value": "cpython3"}, {"name": "package", "value": "tests.test_user_registration"}], "titlePath": ["tests", "test_user_registration.py"]}